Line 139: Class MSAdodcLib.Adodc of control ADODB was not a loaded control class.
Line 145: The property name _ExtentX in ADODB is invalid.
Line 146: The property name _ExtentY in ADODB is invalid.
Line 147: The property name ConnectMode in ADODB is invalid.
Line 148: The property name CursorLocation in ADODB is invalid.
Line 149: The property name IsolationLevel in ADODB is invalid.
Line 150: The property name ConnectionTimeout in ADODB is invalid.
Line 151: The property name CommandTimeout in ADODB is invalid.
Line 152: The property name CursorType in ADODB is invalid.
Line 153: The property name LockType in ADODB is invalid.
Line 154: The property name CommandType in ADODB is invalid.
Line 155: The property name CursorOptions in ADODB is invalid.
Line 156: The property name CacheSize in ADODB is invalid.
Line 157: The property name MaxRecords in ADODB is invalid.
Line 158: The property name BOFAction in ADODB is invalid.
Line 159: The property name EOFAction in ADODB is invalid.
Line 160: The property name ConnectStringType in ADODB is invalid.
Line 164: The property name Orientation in ADODB is invalid.
Line 166: The property name Connect in ADODB is invalid.
Line 167: The property name OLEDBString in ADODB is invalid.
Line 168: The property name OLEDBFile in ADODB is invalid.
Line 169: The property name DataSourceName in ADODB is invalid.
Line 170: The property name OtherAttributes in ADODB is invalid.
Line 171: The property name UserName in ADODB is invalid.
Line 172: The property name Password in ADODB is invalid.
Line 173: The property name RecordSource in ADODB is invalid.
Line 174: The property name Caption in ADODB is invalid.
Line 184: The property name _Version in ADODB is invalid.
Line 145: The property name _ExtentX in ADODB is invalid.
Line 146: The property name _ExtentY in ADODB is invalid.
Line 147: The property name ConnectMode in ADODB is invalid.
Line 148: The property name CursorLocation in ADODB is invalid.
Line 149: The property name IsolationLevel in ADODB is invalid.
Line 150: The property name ConnectionTimeout in ADODB is invalid.
Line 151: The property name CommandTimeout in ADODB is invalid.
Line 152: The property name CursorType in ADODB is invalid.
Line 153: The property name LockType in ADODB is invalid.
Line 154: The property name CommandType in ADODB is invalid.
Line 155: The property name CursorOptions in ADODB is invalid.
Line 156: The property name CacheSize in ADODB is invalid.
Line 157: The property name MaxRecords in ADODB is invalid.
Line 158: The property name BOFAction in ADODB is invalid.
Line 159: The property name EOFAction in ADODB is invalid.
Line 160: The property name ConnectStringType in ADODB is invalid.
Line 164: The property name Orientation in ADODB is invalid.
Line 166: The property name Connect in ADODB is invalid.
Line 167: The property name OLEDBString in ADODB is invalid.
Line 168: The property name OLEDBFile in ADODB is invalid.
Line 169: The property name DataSourceName in ADODB is invalid.
Line 170: The property name OtherAttributes in ADODB is invalid.
Line 171: The property name UserName in ADODB is invalid.
Line 172: The property name Password in ADODB is invalid.
Line 173: The property name RecordSource in ADODB is invalid.
Line 174: The property name Caption in ADODB is invalid.
Line 184: The property name _Version in ADODB is invalid.
Line 145: The property name _ExtentX in ADODB is invalid.
Line 146: The property name _ExtentY in ADODB is invalid.
Line 147: The property name ConnectMode in ADODB is invalid.
Line 148: The property name CursorLocation in ADODB is invalid.
Line 149: The property name IsolationLevel in ADODB is invalid.
Line 150: The property name ConnectionTimeout in ADODB is invalid.
Line 151: The property name CommandTimeout in ADODB is invalid.
Line 152: The property name CursorType in ADODB is invalid.
Line 153: The property name LockType in ADODB is invalid.
Line 154: The property name CommandType in ADODB is invalid.
Line 155: The property name CursorOptions in ADODB is invalid.
Line 156: The property name CacheSize in ADODB is invalid.
Line 157: The property name MaxRecords in ADODB is invalid.
Line 158: The property name BOFAction in ADODB is invalid.
Line 159: The property name EOFAction in ADODB is invalid.
Line 160: The property name ConnectStringType in ADODB is invalid.
Line 164: The property name Orientation in ADODB is invalid.
Line 166: The property name Connect in ADODB is invalid.
Line 167: The property name OLEDBString in ADODB is invalid.
Line 168: The property name OLEDBFile in ADODB is invalid.
Line 169: The property name DataSourceName in ADODB is invalid.
Line 170: The property name OtherAttributes in ADODB is invalid.
Line 171: The property name UserName in ADODB is invalid.
Line 172: The property name Password in ADODB is invalid.
Line 173: The property name RecordSource in ADODB is invalid.
Line 174: The property name Caption in ADODB is invalid.
Line 184: The property name _Version in ADODB is invalid.
Line 145: The property name _ExtentX in ADODB is invalid.
Line 146: The property name _ExtentY in ADODB is invalid.
Line 147: The property name ConnectMode in ADODB is invalid.
Line 148: The property name CursorLocation in ADODB is invalid.
Line 149: The property name IsolationLevel in ADODB is invalid.
Line 150: The property name ConnectionTimeout in ADODB is invalid.
Line 151: The property name CommandTimeout in ADODB is invalid.
Line 152: The property name CursorType in ADODB is invalid.
Line 153: The property name LockType in ADODB is invalid.
Line 154: The property name CommandType in ADODB is invalid.
Line 155: The property name CursorOptions in ADODB is invalid.
Line 156: The property name CacheSize in ADODB is invalid.
Line 157: The property name MaxRecords in ADODB is invalid.
Line 158: The property name BOFAction in ADODB is invalid.
Line 159: The property name EOFAction in ADODB is invalid.
Line 160: The property name ConnectStringType in ADODB is invalid.
Line 164: The property name Orientation in ADODB is invalid.
Line 166: The property name Connect in ADODB is invalid.
Line 167: The property name OLEDBString in ADODB is invalid.
Line 168: The property name OLEDBFile in ADODB is invalid.
Line 169: The property name DataSourceName in ADODB is invalid.
Line 170: The property name OtherAttributes in ADODB is invalid.
Line 171: The property name UserName in ADODB is invalid.
Line 172: The property name Password in ADODB is invalid.
Line 173: The property name RecordSource in ADODB is invalid.
Line 174: The property name Caption in ADODB is invalid.
Line 184: The property name _Version in ADODB is invalid.
